app/build/intermediates/manifest_merge_blame_file/debug/processDebugMainManifest/manifest-merger-blame-debug-report.txt
1<?xml version="1.0" encoding="utf-8"?>
2<manifest xmlns:android="http://schemas.android.com/apk/res/android"
3    package="com.kallistocore.ai.debug"
4    android:versionCode="1"
5    android:versionName="1.0.0" >
6
7    <uses-sdk
8        android:minSdkVersion="26"
9        android:targetSdkVersion="35" />
10
11    <uses-permission android:name="android.permission.INTERNET" />
11-->src/main/AndroidManifest.xml:5:5-67
11-->src/main/AndroidManifest.xml:5:22-64
12    <uses-permission android:name="android.permission.ACCESS_NETWORK_STATE" />
12-->src/main/AndroidManifest.xml:6:5-79
12-->src/main/AndroidManifest.xml:6:22-76
13    <uses-permission android:name="android.permission.RECORD_AUDIO" />
13-->src/main/AndroidManifest.xml:7:5-71
13-->src/main/AndroidManifest.xml:7:22-68
14    <uses-permission android:name="android.permission.FOREGROUND_SERVICE" />
14-->src/main/AndroidManifest.xml:8:5-77
14-->src/main/AndroidManifest.xml:8:22-74
15    <uses-permission android:name="android.permission.FOREGROUND_SERVICE_MEDIA_PLAYBACK" />
15-->src/main/AndroidManifest.xml:9:5-92
15-->src/main/AndroidManifest.xml:9:22-89
16    <uses-permission android:name="android.permission.POST_NOTIFICATIONS" />
16-->src/main/AndroidManifest.xml:10:5-77
16-->src/main/AndroidManifest.xml:10:22-74
17    <uses-permission android:name="android.permission.SYSTEM_ALERT_WINDOW" />
17-->src/main/AndroidManifest.xml:11:5-78
17-->src/main/AndroidManifest.xml:11:22-75
18    <uses-permission android:name="android.permission.READ_MEDIA_IMAGES" />
18-->src/main/AndroidManifest.xml:12:5-76
18-->src/main/AndroidManifest.xml:12:22-73
19    <uses-permission
19-->src/main/AndroidManifest.xml:13:5-15:38
20        android:name="android.permission.READ_EXTERNAL_STORAGE"
20-->src/main/AndroidManifest.xml:14:9-64
21        android:maxSdkVersion="32" />
21-->src/main/AndroidManifest.xml:15:9-35
22    <uses-permission
22-->src/main/AndroidManifest.xml:16:5-19:40
23        android:name="android.permission.WRITE_EXTERNAL_STORAGE"
23-->src/main/AndroidManifest.xml:17:9-65
24        android:maxSdkVersion="28" />
24-->src/main/AndroidManifest.xml:18:9-35
25
26    <permission
26-->[androidx.core:core:1.13.1] AndroidManifest.xml:22:5-24:47
27        android:name="com.kallistocore.ai.debug.DYNAMIC_RECEIVER_NOT_EXPORTED_PERMISSION"
27-->[androidx.core:core:1.13.1] AndroidManifest.xml:23:9-81
28        android:protectionLevel="signature" />
28-->[androidx.core:core:1.13.1] AndroidManifest.xml:24:9-44
29
30    <uses-permission android:name="com.kallistocore.ai.debug.DYNAMIC_RECEIVER_NOT_EXPORTED_PERMISSION" />
30-->[androidx.core:core:1.13.1] AndroidManifest.xml:26:5-97
30-->[androidx.core:core:1.13.1] AndroidManifest.xml:26:22-94
31
32    <application
32-->src/main/AndroidManifest.xml:21:5-85:19
33        android:name="com.kallistocore.ai.KallistoApplication"
33-->src/main/AndroidManifest.xml:22:9-44
34        android:allowBackup="false"
34-->src/main/AndroidManifest.xml:23:9-36
35        android:appComponentFactory="androidx.core.app.CoreComponentFactory"
35-->[androidx.core:core:1.13.1] AndroidManifest.xml:28:18-86
36        android:debuggable="true"
37        android:extractNativeLibs="false"
38        android:icon="@mipmap/ic_launcher_free"
38-->src/main/AndroidManifest.xml:24:9-48
39        android:label="@string/app_name"
39-->src/main/AndroidManifest.xml:25:9-41
40        android:roundIcon="@mipmap/ic_launcher_free"
40-->src/main/AndroidManifest.xml:26:9-53
41        android:supportsRtl="true"
41-->src/main/AndroidManifest.xml:27:9-35
42        android:theme="@style/Theme.KallistoCore"
42-->src/main/AndroidManifest.xml:28:9-50
43        android:usesCleartextTraffic="false" >
43-->src/main/AndroidManifest.xml:29:9-45
44        <activity
44-->src/main/AndroidManifest.xml:32:9-42:20
45            android:name="com.kallistocore.ai.MainActivity"
45-->src/main/AndroidManifest.xml:33:13-41
46            android:configChanges="orientation|screenSize|smallestScreenSize|screenLayout|uiMode"
46-->src/main/AndroidManifest.xml:35:13-98
47            android:exported="true"
47-->src/main/AndroidManifest.xml:34:13-36
48            android:supportsPictureInPicture="true"
48-->src/main/AndroidManifest.xml:36:13-52
49            android:windowSoftInputMode="adjustResize" >
49-->src/main/AndroidManifest.xml:37:13-55
50            <intent-filter>
50-->src/main/AndroidManifest.xml:38:13-41:29
51                <action android:name="android.intent.action.MAIN" />
51-->src/main/AndroidManifest.xml:39:17-69
51-->src/main/AndroidManifest.xml:39:25-66
52
53                <category android:name="android.intent.category.LAUNCHER" />
53-->src/main/AndroidManifest.xml:40:17-77
53-->src/main/AndroidManifest.xml:40:27-74
54            </intent-filter>
55        </activity>
56
57        <activity-alias
57-->src/main/AndroidManifest.xml:72:9-77:54
58            android:name="com.kallistocore.ai.MainActivityAliasProEmerald"
58-->src/main/AndroidManifest.xml:73:13-56
59            android:enabled="false"
59-->src/main/AndroidManifest.xml:74:13-36
60            android:exported="true"
60-->src/main/AndroidManifest.xml:75:13-36
61            android:icon="@mipmap/ic_launcher_pro_emerald"
61-->src/main/AndroidManifest.xml:76:13-59
62            android:targetActivity="com.kallistocore.ai.MainActivity" />
62-->src/main/AndroidManifest.xml:77:13-51
63        <activity-alias
63-->src/main/AndroidManifest.xml:65:9-70:54
64            android:name="com.kallistocore.ai.MainActivityAliasProAmethyst"
64-->src/main/AndroidManifest.xml:66:13-57
65            android:enabled="false"
65-->src/main/AndroidManifest.xml:67:13-36
66            android:exported="true"
66-->src/main/AndroidManifest.xml:68:13-36
67            android:icon="@mipmap/ic_launcher_pro_amethyst"
67-->src/main/AndroidManifest.xml:69:13-60
68            android:targetActivity="com.kallistocore.ai.MainActivity" />
68-->src/main/AndroidManifest.xml:70:13-51
69        <activity-alias
69-->src/main/AndroidManifest.xml:58:9-63:54
70            android:name="com.kallistocore.ai.MainActivityAliasProGold"
70-->src/main/AndroidManifest.xml:59:13-53
71            android:enabled="false"
71-->src/main/AndroidManifest.xml:60:13-36
72            android:exported="true"
72-->src/main/AndroidManifest.xml:61:13-36
73            android:icon="@mipmap/ic_launcher_pro_gold"
73-->src/main/AndroidManifest.xml:62:13-56
74            android:targetActivity="com.kallistocore.ai.MainActivity" />
74-->src/main/AndroidManifest.xml:63:13-51
75        <activity-alias
75-->src/main/AndroidManifest.xml:51:9-56:54
76            android:name="com.kallistocore.ai.MainActivityAliasProPlatinum"
76-->src/main/AndroidManifest.xml:52:13-57
77            android:enabled="false"
77-->src/main/AndroidManifest.xml:53:13-36
78            android:exported="true"
78-->src/main/AndroidManifest.xml:54:13-36
79            android:icon="@mipmap/ic_launcher_pro_platinum"
79-->src/main/AndroidManifest.xml:55:13-60
80            android:targetActivity="com.kallistocore.ai.MainActivity" />
80-->src/main/AndroidManifest.xml:56:13-51
81        <activity-alias
81-->src/main/AndroidManifest.xml:44:9-49:54
82            android:name="com.kallistocore.ai.MainActivityAliasFree"
82-->src/main/AndroidManifest.xml:45:13-50
83            android:enabled="true"
83-->src/main/AndroidManifest.xml:46:13-35
84            android:exported="true"
84-->src/main/AndroidManifest.xml:47:13-36
85            android:icon="@mipmap/ic_launcher_free"
85-->src/main/AndroidManifest.xml:48:13-52
86            android:targetActivity="com.kallistocore.ai.MainActivity" />
86-->src/main/AndroidManifest.xml:49:13-51
87
88        <service
88-->src/main/AndroidManifest.xml:79:9-83:61
89            android:name="com.kallistocore.ai.service.FloatingOverlayService"
89-->src/main/AndroidManifest.xml:80:13-59
90            android:enabled="true"
90-->src/main/AndroidManifest.xml:81:13-35
91            android:exported="false"
91-->src/main/AndroidManifest.xml:82:13-37
92            android:foregroundServiceType="mediaPlayback" />
92-->src/main/AndroidManifest.xml:83:13-58
93
94        <provider
94-->[androidx.emoji2:emoji2:1.3.0] AndroidManifest.xml:24:9-32:20
95            android:name="androidx.startup.InitializationProvider"
95-->[androidx.emoji2:emoji2:1.3.0] AndroidManifest.xml:25:13-67
96            android:authorities="com.kallistocore.ai.debug.androidx-startup"
96-->[androidx.emoji2:emoji2:1.3.0] AndroidManifest.xml:26:13-68
97            android:exported="false" >
97-->[androidx.emoji2:emoji2:1.3.0] AndroidManifest.xml:27:13-37
98            <meta-data
98-->[androidx.emoji2:emoji2:1.3.0] AndroidManifest.xml:29:13-31:52
99                android:name="androidx.emoji2.text.EmojiCompatInitializer"
99-->[androidx.emoji2:emoji2:1.3.0] AndroidManifest.xml:30:17-75
100                android:value="androidx.startup" />
100-->[androidx.emoji2:emoji2:1.3.0] AndroidManifest.xml:31:17-49
101            <meta-data
101-->[androidx.lifecycle:lifecycle-process:2.8.5] AndroidManifest.xml:29:13-31:52
102                android:name="androidx.lifecycle.ProcessLifecycleInitializer"
102-->[androidx.lifecycle:lifecycle-process:2.8.5] AndroidManifest.xml:30:17-78
103                android:value="androidx.startup" />
103-->[androidx.lifecycle:lifecycle-process:2.8.5] AndroidManifest.xml:31:17-49
104            <meta-data
104-->[androidx.profileinstaller:profileinstaller:1.3.1] AndroidManifest.xml:29:13-31:52
105                android:name="androidx.profileinstaller.ProfileInstallerInitializer"
105-->[androidx.profileinstaller:profileinstaller:1.3.1] AndroidManifest.xml:30:17-85
106                android:value="androidx.startup" />
106-->[androidx.profileinstaller:profileinstaller:1.3.1] AndroidManifest.xml:31:17-49
107        </provider>
108
109        <activity
109-->[androidx.compose.ui:ui-tooling-android:1.7.0] AndroidManifest.xml:23:9-25:39
110            android:name="androidx.compose.ui.tooling.PreviewActivity"
110-->[androidx.compose.ui:ui-tooling-android:1.7.0] AndroidManifest.xml:24:13-71
111            android:exported="true" />
111-->[androidx.compose.ui:ui-tooling-android:1.7.0] AndroidManifest.xml:25:13-36
112
113        <service
113-->[androidx.room:room-runtime:2.6.1] AndroidManifest.xml:24:9-28:63
114            android:name="androidx.room.MultiInstanceInvalidationService"
114-->[androidx.room:room-runtime:2.6.1] AndroidManifest.xml:25:13-74
115            android:directBootAware="true"
115-->[androidx.room:room-runtime:2.6.1] AndroidManifest.xml:26:13-43
116            android:exported="false" />
116-->[androidx.room:room-runtime:2.6.1] AndroidManifest.xml:27:13-37
117
118        <receiver
118-->[androidx.profileinstaller:profileinstaller:1.3.1] AndroidManifest.xml:34:9-52:20
119            android:name="androidx.profileinstaller.ProfileInstallReceiver"
119-->[androidx.profileinstaller:profileinstaller:1.3.1] AndroidManifest.xml:35:13-76
120            android:directBootAware="false"
120-->[androidx.profileinstaller:profileinstaller:1.3.1] AndroidManifest.xml:36:13-44
121            android:enabled="true"
121-->[androidx.profileinstaller:profileinstaller:1.3.1] AndroidManifest.xml:37:13-35
122            android:exported="true"
122-->[androidx.profileinstaller:profileinstaller:1.3.1] AndroidManifest.xml:38:13-36
123            android:permission="android.permission.DUMP" >
123-->[androidx.profileinstaller:profileinstaller:1.3.1] AndroidManifest.xml:39:13-57
124            <intent-filter>
124-->[androidx.profileinstaller:profileinstaller:1.3.1] AndroidManifest.xml:40:13-42:29
125                <action android:name="androidx.profileinstaller.action.INSTALL_PROFILE" />
125-->[androidx.profileinstaller:profileinstaller:1.3.1] AndroidManifest.xml:41:17-91
125-->[androidx.profileinstaller:profileinstaller:1.3.1] AndroidManifest.xml:41:25-88
126            </intent-filter>
127            <intent-filter>
127-->[androidx.profileinstaller:profileinstaller:1.3.1] AndroidManifest.xml:43:13-45:29
128                <action android:name="androidx.profileinstaller.action.SKIP_FILE" />
128-->[androidx.profileinstaller:profileinstaller:1.3.1] AndroidManifest.xml:44:17-85
128-->[androidx.profileinstaller:profileinstaller:1.3.1] AndroidManifest.xml:44:25-82
129            </intent-filter>
130            <intent-filter>
130-->[androidx.profileinstaller:profileinstaller:1.3.1] AndroidManifest.xml:46:13-48:29
131                <action android:name="androidx.profileinstaller.action.SAVE_PROFILE" />
131-->[androidx.profileinstaller:profileinstaller:1.3.1] AndroidManifest.xml:47:17-88
131-->[androidx.profileinstaller:profileinstaller:1.3.1] AndroidManifest.xml:47:25-85
132            </intent-filter>
133            <intent-filter>
133-->[androidx.profileinstaller:profileinstaller:1.3.1] AndroidManifest.xml:49:13-51:29
134                <action android:name="androidx.profileinstaller.action.BENCHMARK_OPERATION" />
134-->[androidx.profileinstaller:profileinstaller:1.3.1] AndroidManifest.xml:50:17-95
134-->[androidx.profileinstaller:profileinstaller:1.3.1] AndroidManifest.xml:50:25-92
135            </intent-filter>
136        </receiver>
137    </application>
138
139</manifest>